<?xml version="1.0" encoding="UTF-8"?>
<!-- Generated by org.testng.reporters.JUnitXMLReporter -->
<testsuite ignored="0" hostname="Art-Samir" failures="0" tests="7" name="Default test" time="15.516" errors="0" timestamp="2024-07-08T16:35:07 IST">
  <testcase classname="restAssured.CryptoCurrency" name="registerUser" time="8.442"/>
  <testcase classname="restAssured.CryptoCurrency" name="LoginUser" time="1.369"/>
  <testcase classname="restAssured.CryptoCurrency" name="RetrieveTrans" time="1.314"/>
  <testcase classname="restAssured.CryptoCurrency" name="ListOfTransaction" time="1.126"/>
  <testcase classname="restAssured.CryptoCurrency" name="transferETH" time="1.023"/>
  <testcase classname="restAssured.CryptoCurrency" name="calculateETH" time="1.017"/>
  <testcase classname="restAssured.CryptoCurrency" name="currencyRates" time="1.025"/>
</testsuite> <!-- Default test -->
