<?xml version="1.0" encoding="UTF-8"?>
<testng-results ignored="0" total="7" passed="7" failed="0" skipped="0">
  <reporter-output>
  </reporter-output>
  <suite started-at="2024-07-08T16:34:52 IST" name="Default suite" finished-at="2024-07-08T16:35:07 IST" duration-ms="15516">
    <groups>
    </groups>
    <test started-at="2024-07-08T16:34:52 IST" name="Default test" finished-at="2024-07-08T16:35:07 IST" duration-ms="15516">
      <class name="restAssured.CryptoCurrency">
        <test-method signature="registerUser()[pri:0, instance:restAssured.CryptoCurrency@32502377]" started-at="2024-07-08T16:34:52 IST" name="registerUser" finished-at="2024-07-08T16:35:00 IST" duration-ms="8442" status="PASS">
          <reporter-output>
          </reporter-output>
        </test-method> <!-- registerUser -->
        <test-method signature="LoginUser()[pri:1, instance:restAssured.CryptoCurrency@32502377]" started-at="2024-07-08T16:35:00 IST" name="LoginUser" finished-at="2024-07-08T16:35:02 IST" duration-ms="1369" status="PASS">
          <reporter-output>
          </reporter-output>
        </test-method> <!-- LoginUser -->
        <test-method signature="RetrieveTrans()[pri:2, instance:restAssured.CryptoCurrency@32502377]" started-at="2024-07-08T16:35:02 IST" name="RetrieveTrans" finished-at="2024-07-08T16:35:03 IST" duration-ms="1314" status="PASS">
          <reporter-output>
          </reporter-output>
        </test-method> <!-- RetrieveTrans -->
        <test-method signature="ListOfTransaction()[pri:3, instance:restAssured.CryptoCurrency@32502377]" started-at="2024-07-08T16:35:03 IST" name="ListOfTransaction" finished-at="2024-07-08T16:35:04 IST" duration-ms="1126" status="PASS">
          <reporter-output>
          </reporter-output>
        </test-method> <!-- ListOfTransaction -->
        <test-method signature="transferETH()[pri:4, instance:restAssured.CryptoCurrency@32502377]" started-at="2024-07-08T16:35:04 IST" name="transferETH" finished-at="2024-07-08T16:35:05 IST" duration-ms="1023" status="PASS">
          <reporter-output>
          </reporter-output>
        </test-method> <!-- transferETH -->
        <test-method signature="calculateETH()[pri:5, instance:restAssured.CryptoCurrency@32502377]" started-at="2024-07-08T16:35:05 IST" name="calculateETH" finished-at="2024-07-08T16:35:06 IST" duration-ms="1017" status="PASS">
          <reporter-output>
          </reporter-output>
        </test-method> <!-- calculateETH -->
        <test-method signature="currencyRates()[pri:6, instance:restAssured.CryptoCurrency@32502377]" started-at="2024-07-08T16:35:06 IST" name="currencyRates" finished-at="2024-07-08T16:35:07 IST" duration-ms="1025" status="PASS">
          <reporter-output>
          </reporter-output>
        </test-method> <!-- currencyRates -->
      </class> <!-- restAssured.CryptoCurrency -->
    </test> <!-- Default test -->
  </suite> <!-- Default suite -->
</testng-results>
